<?xml version="1.0" encoding="UTF-8"?>
<testsuites name="LP_Copy" time="9.04" tests="1" failures="0" errors="0">
   <testsuite name="LP_Copy" tests="1" failures="0" errors="0" time="9.04" skipped="0" timestamp="2023-08-28 11:44:17" hostname="SuhasB - suhasb.emids.local" id="Test Suites/LP_TS/LP_Copy">
      <properties>
         <property name="deviceName" value=""/>
         <property name="devicePlatform" value=""/>
         <property name="logFolder" value="C:\\Users\\suhasb\\git\\onlinejpetstore\\Reports\\20230828_114356\\LP_TS\\LP_Copy\\20230828_114356"/>
         <property name="logFiles" value="C:\\Users\\suhasb\\git\\onlinejpetstore\\Reports\\20230828_114356\\LP_TS\\LP_Copy\\20230828_114356\\execution0.log"/>
         <property name="attachments" value=""/>
         <property name="hostName" value="SuhasB - suhasb.emids.local"/>
         <property name="os" value="Windows 10 64bit"/>
         <property name="katalonVersion" value="8.6.6.208"/>
         <property name="browser" value="Chrome 116.0.0.0"/>
         <property name="hostAddress" value="192.168.0.232"/>
         <property name="sessionId" value="68b67674a917a925ac9d3345dab9cbb7"/>
         <property name="seleniumVersion" value="3.141.59"/>
         <property name="proxyInformation" value="ProxyInformation { proxyOption=NO_PROXY, proxyServerType=HTTP, username=, password=********, proxyServerAddress=, proxyServerPort=0, executionList=&quot;&quot;, isApplyToDesiredCapabilities=true }"/>
         <property name="platform" value="Windows 10"/>
      </properties>
      <testcase name="Test Cases/Verify_LandingPage - Copy" time="8.593" classname="Test Cases/Verify_LandingPage - Copy" status="PASSED">
         <system-out><![CDATA[2023-08-28 11:44:18 - [TEST_CASE][PASSED] - Test Cases/Verify_LandingPage - Copy: Test Cases/Verify_LandingPage - Copy

2023-08-28 11:44:18 - [TEST_STEP][PASSED] - openBrowser(""): Browser is opened with url: ''

2023-08-28 11:44:19 - [MESSAGE][INFO] - Starting 'Chrome' driver

2023-08-28 11:44:19 - [MESSAGE][INFO] - Action delay is set to 0 milliseconds

2023-08-28 11:44:22 - [MESSAGE][PASSED] - Browser is opened with url: ''

2023-08-28 11:44:22 - [TEST_STEP][PASSED] - navigateToUrl("https://petstore.octoperf.com/"): Navigate to 'https://petstore.octoperf.com/' successfully

2023-08-28 11:44:23 - [MESSAGE][PASSED] - Navigate to 'https://petstore.octoperf.com/' successfully

2023-08-28 11:44:23 - [TEST_STEP][PASSED] - click(findTestObject("Object Repository/LandingPage/Page_JPetStore Demo/a_Enter the Store")): Object: 'Object Repository/LandingPage/Page_JPetStore Demo/a_Enter the Store' is clicked on

2023-08-28 11:44:24 - [MESSAGE][PASSED] - Object: 'Object Repository/LandingPage/Page_JPetStore Demo/a_Enter the Store' is clicked on

2023-08-28 11:44:24 - [TEST_STEP][PASSED] - click(findTestObject("Object Repository/LandingPage/Page_JPetStore Demo/a_Sign In")): Object: 'Object Repository/LandingPage/Page_JPetStore Demo/a_Sign In' is clicked on

2023-08-28 11:44:25 - [MESSAGE][PASSED] - Object: 'Object Repository/LandingPage/Page_JPetStore Demo/a_Sign In' is clicked on

2023-08-28 11:44:25 - [TEST_STEP][PASSED] - verifyElementPresent(findTestObject("Object Repository/LandingPage/Page_JPetStore Demo/a_Sign In_1"), 0): Object 'Object Repository/LandingPage/Page_JPetStore Demo/a_Sign In_1' is present

2023-08-28 11:44:25 - [MESSAGE][WARNING] - Timeout '0' is invalid. Using default page load timeout: '30'

2023-08-28 11:44:26 - [MESSAGE][PASSED] - Object 'Object Repository/LandingPage/Page_JPetStore Demo/a_Sign In_1' is present

2023-08-28 11:44:26 - [TEST_STEP][PASSED] - closeBrowser(): Browser is closed

2023-08-28 11:44:26 - [MESSAGE][PASSED] - Browser is closed]]></system-out>
         <system-err><![CDATA[]]></system-err>
      </testcase>
      <system-out><![CDATA[2023-08-28 11:44:17 - [TEST_SUITE][PASSED] - LP_Copy: Test Cases/Verify_LandingPage - Copy]]></system-out>
      <system-err><![CDATA[]]></system-err>
   </testsuite>
</testsuites>
