<?xml version="1.0" encoding="UTF-8"?>
<testsuites name="VT_SignInPage" time="9.675" tests="1" failures="0" errors="0">
   <testsuite name="VT_SignInPage" tests="1" failures="0" errors="0" time="9.675" skipped="0" timestamp="2023-08-29 10:40:55" hostname="SuhasB - suhasb.emids.local" id="Test Suites/VT/VT_SignInPage">
      <properties>
         <property name="deviceName" value=""/>
         <property name="devicePlatform" value=""/>
         <property name="logFolder" value="C:\\Users\\suhasb\\git\\onlinejpetstore\\Reports\\20230829_104029\\VT\\VT_SignInPage\\20230829_104029"/>
         <property name="logFiles" value="C:\\Users\\suhasb\\git\\onlinejpetstore\\Reports\\20230829_104029\\VT\\VT_SignInPage\\20230829_104029\\execution0.log"/>
         <property name="attachments" value="keyes\keyes-SignIn.png"/>
         <property name="hostName" value="SuhasB - suhasb.emids.local"/>
         <property name="os" value="Windows 10 64bit"/>
         <property name="katalonVersion" value="8.6.6.208"/>
         <property name="browser" value="Chrome 116.0.0.0"/>
         <property name="hostAddress" value="192.168.0.232"/>
         <property name="sessionId" value="62142ac35a3277484f09bc078e2660b7"/>
         <property name="seleniumVersion" value="3.141.59"/>
         <property name="proxyInformation" value="ProxyInformation { proxyOption=NO_PROXY, proxyServerType=HTTP, username=, password=********, proxyServerAddress=, proxyServerPort=0, executionList=&quot;&quot;, isApplyToDesiredCapabilities=true }"/>
         <property name="platform" value="Windows 10"/>
      </properties>
      <testcase name="Test Cases/VT_TestCases/VT_SignInPage" time="9.381" classname="Test Cases/VT_TestCases/VT_SignInPage" status="PASSED">
         <system-out><![CDATA[2023-08-29 10:40:56 - [TEST_CASE][PASSED] - Test Cases/VT_TestCases/VT_SignInPage: Test Cases/VT_TestCases/VT_SignInPage

2023-08-29 10:40:56 - [TEST_STEP][PASSED] - openBrowser(""): Browser is opened with url: ''

2023-08-29 10:40:57 - [MESSAGE][INFO] - Starting 'Chrome' driver

2023-08-29 10:40:57 - [MESSAGE][INFO] - Action delay is set to 0 milliseconds

2023-08-29 10:41:01 - [MESSAGE][PASSED] - Browser is opened with url: ''

2023-08-29 10:41:01 - [TEST_STEP][PASSED] - navigateToUrl("https://petstore.octoperf.com/"): Navigate to 'https://petstore.octoperf.com/' successfully

2023-08-29 10:41:01 - [MESSAGE][PASSED] - Navigate to 'https://petstore.octoperf.com/' successfully

2023-08-29 10:41:01 - [TEST_STEP][PASSED] - click(findTestObject("Object Repository/VT/Page_JPetStore Demo/a_Enter the Store")): Object: 'Object Repository/VT/Page_JPetStore Demo/a_Enter the Store' is clicked on

2023-08-29 10:41:03 - [MESSAGE][PASSED] - Object: 'Object Repository/VT/Page_JPetStore Demo/a_Enter the Store' is clicked on

2023-08-29 10:41:03 - [TEST_STEP][PASSED] - takeScreenshotAsCheckpoint("SignIn"): Taking screenshot successfully

2023-08-29 10:41:04 - [MESSAGE][INFO] - 0 hidden object(s)

2023-08-29 10:41:05 - [MESSAGE][PASSED] - Taking screenshot successfully
[[ATTACHMENT|keyes\keyes-SignIn.png]]]]></system-out>
         <system-err><![CDATA[]]></system-err>
      </testcase>
      <system-out><![CDATA[2023-08-29 10:40:55 - [TEST_SUITE][PASSED] - VT_SignInPage: Test Cases/VT_TestCases/VT_SignInPage]]></system-out>
      <system-err><![CDATA[]]></system-err>
   </testsuite>
</testsuites>
