<?xml version="1.0" encoding="UTF-8"?>
<testsuites name="VT_LandingPage" time="6.21" tests="1" failures="0" errors="0">
   <testsuite name="VT_LandingPage" tests="1" failures="0" errors="0" time="6.21" skipped="0" timestamp="2023-08-29 11:02:16" hostname="SuhasB - suhasb.emids.local" id="Test Suites/VT/VT_LandingPage">
      <properties>
         <property name="deviceName" value=""/>
         <property name="devicePlatform" value=""/>
         <property name="logFolder" value="C:\\Users\\suhasb\\git\\onlinejpetstore\\Reports\\20230829_110207\\VT\\VT_LandingPage\\20230829_110207"/>
         <property name="logFiles" value="C:\\Users\\suhasb\\git\\onlinejpetstore\\Reports\\20230829_110207\\VT\\VT_LandingPage\\20230829_110207\\execution0.log"/>
         <property name="attachments" value="keyes\keyes-LP.png"/>
         <property name="hostName" value="SuhasB - suhasb.emids.local"/>
         <property name="os" value="Windows 10 64bit"/>
         <property name="katalonVersion" value="8.6.6.208"/>
         <property name="browser" value="Chrome 116.0.0.0"/>
         <property name="hostAddress" value="192.168.0.232"/>
         <property name="sessionId" value="6f4660d776f4341b2c29a44cdf80298f"/>
         <property name="seleniumVersion" value="3.141.59"/>
         <property name="proxyInformation" value="ProxyInformation { proxyOption=NO_PROXY, proxyServerType=HTTP, username=, password=********, proxyServerAddress=, proxyServerPort=0, executionList=&quot;&quot;, isApplyToDesiredCapabilities=true }"/>
         <property name="platform" value="Windows 10"/>
      </properties>
      <testcase name="Test Cases/VT_TestCases/VT_LandingPage" time="5.85" classname="Test Cases/VT_TestCases/VT_LandingPage" status="PASSED">
         <system-out><![CDATA[2023-08-29 11:02:17 - [TEST_CASE][PASSED] - Test Cases/VT_TestCases/VT_LandingPage: Test Cases/VT_TestCases/VT_LandingPage

2023-08-29 11:02:17 - [TEST_STEP][PASSED] - openBrowser(""): Browser is opened with url: ''

2023-08-29 11:02:17 - [MESSAGE][INFO] - Starting 'Chrome' driver

2023-08-29 11:02:18 - [MESSAGE][INFO] - Action delay is set to 0 milliseconds

2023-08-29 11:02:20 - [MESSAGE][PASSED] - Browser is opened with url: ''

2023-08-29 11:02:20 - [TEST_STEP][PASSED] - navigateToUrl("https://petstore.octoperf.com/"): Navigate to 'https://petstore.octoperf.com/' successfully

2023-08-29 11:02:21 - [MESSAGE][PASSED] - Navigate to 'https://petstore.octoperf.com/' successfully

2023-08-29 11:02:21 - [TEST_STEP][PASSED] - takeScreenshotAsCheckpoint("LP"): Taking screenshot successfully

2023-08-29 11:02:21 - [MESSAGE][INFO] - 0 hidden object(s)

2023-08-29 11:02:22 - [MESSAGE][PASSED] - Taking screenshot successfully
[[ATTACHMENT|keyes\keyes-LP.png]]

2023-08-29 11:02:22 - [TEST_STEP][PASSED] - closeBrowser(): Browser is closed

2023-08-29 11:02:22 - [MESSAGE][PASSED] - Browser is closed]]></system-out>
         <system-err><![CDATA[]]></system-err>
      </testcase>
      <system-out><![CDATA[2023-08-29 11:02:16 - [TEST_SUITE][PASSED] - VT_LandingPage: Test Cases/VT_TestCases/VT_LandingPage]]></system-out>
      <system-err><![CDATA[]]></system-err>
   </testsuite>
</testsuites>
