<?xml version="1.0" encoding="UTF-8"?>
<testsuites name="HP_TS" time="21.231" tests="4" failures="0" errors="0">
   <testsuite name="HP_TS" tests="4" failures="0" errors="0" time="21.231" skipped="0" timestamp="2023-08-28 11:03:36" hostname="SuhasB - suhasb.emids.local" id="Test Suites/HP_TS">
      <properties>
         <property name="deviceName" value=""/>
         <property name="devicePlatform" value=""/>
         <property name="logFolder" value="C:\\Users\\suhasb\\git\\onlinejpetstore\\Reports\\20230828_110319\\HP_TS\\20230828_110319"/>
         <property name="logFiles" value="C:\\Users\\suhasb\\git\\onlinejpetstore\\Reports\\20230828_110319\\HP_TS\\20230828_110319\\execution0.log"/>
         <property name="attachments" value=""/>
         <property name="hostName" value="SuhasB - suhasb.emids.local"/>
         <property name="os" value="Windows 10 64bit"/>
         <property name="katalonVersion" value="8.6.6.208"/>
         <property name="browser" value="Chrome 116.0.0.0"/>
         <property name="hostAddress" value="192.168.0.232"/>
         <property name="sessionId" value="8700549bba784061b454cb155e026286"/>
         <property name="seleniumVersion" value="3.141.59"/>
         <property name="proxyInformation" value="ProxyInformation { proxyOption=NO_PROXY, proxyServerType=HTTP, username=, password=********, proxyServerAddress=, proxyServerPort=0, executionList=&quot;&quot;, isApplyToDesiredCapabilities=true }"/>
         <property name="platform" value="Windows 10"/>
      </properties>
      <testcase name="Test Cases/Homepage/LandingPage_Birds" time="7.108" classname="Test Cases/Homepage/LandingPage_Birds" status="PASSED">
         <system-out><![CDATA[2023-08-28 11:03:37 - [TEST_CASE][PASSED] - Test Cases/Homepage/LandingPage_Birds: Test Cases/Homepage/LandingPage_Birds

2023-08-28 11:03:37 - [TEST_STEP][PASSED] - openBrowser(""): Browser is opened with url: ''

2023-08-28 11:03:37 - [MESSAGE][INFO] - Starting 'Chrome' driver

2023-08-28 11:03:37 - [MESSAGE][INFO] - Action delay is set to 0 milliseconds

2023-08-28 11:03:40 - [MESSAGE][PASSED] - Browser is opened with url: ''

2023-08-28 11:03:40 - [TEST_STEP][PASSED] - navigateToUrl("https://petstore.octoperf.com/"): Navigate to 'https://petstore.octoperf.com/' successfully

2023-08-28 11:03:41 - [MESSAGE][PASSED] - Navigate to 'https://petstore.octoperf.com/' successfully

2023-08-28 11:03:41 - [TEST_STEP][PASSED] - click(findTestObject("Object Repository/LandingPage/LP_Birds/Page_JPetStore Demo/a_Enter the Store")): Object: 'Object Repository/LandingPage/LP_Birds/Page_JPetStore Demo/a_Enter the Store' is clicked on

2023-08-28 11:03:43 - [MESSAGE][PASSED] - Object: 'Object Repository/LandingPage/LP_Birds/Page_JPetStore Demo/a_Enter the Store' is clicked on

2023-08-28 11:03:43 - [TEST_STEP][PASSED] - verifyElementPresent(findTestObject("Object Repository/LandingPage/LP_Birds/Page_JPetStore Demo/img"), 0): Object 'Object Repository/LandingPage/LP_Birds/Page_JPetStore Demo/img' is present

2023-08-28 11:03:43 - [MESSAGE][WARNING] - Timeout '0' is invalid. Using default page load timeout: '30'

2023-08-28 11:03:43 - [MESSAGE][PASSED] - Object 'Object Repository/LandingPage/LP_Birds/Page_JPetStore Demo/img' is present

2023-08-28 11:03:43 - [TEST_STEP][PASSED] - closeBrowser(): Browser is closed

2023-08-28 11:03:44 - [MESSAGE][PASSED] - Browser is closed]]></system-out>
         <system-err><![CDATA[]]></system-err>
      </testcase>
      <testcase name="Test Cases/Homepage/LandingPage_Cat" time="4.577" classname="Test Cases/Homepage/LandingPage_Cat" status="PASSED">
         <system-out><![CDATA[2023-08-28 11:03:44 - [TEST_CASE][PASSED] - Test Cases/Homepage/LandingPage_Cat: Test Cases/Homepage/LandingPage_Cat

2023-08-28 11:03:44 - [TEST_STEP][PASSED] - openBrowser(""): Browser is opened with url: ''

2023-08-28 11:03:44 - [MESSAGE][INFO] - Starting 'Chrome' driver

2023-08-28 11:03:44 - [MESSAGE][INFO] - Action delay is set to 0 milliseconds

2023-08-28 11:03:46 - [MESSAGE][PASSED] - Browser is opened with url: ''

2023-08-28 11:03:46 - [TEST_STEP][PASSED] - navigateToUrl("https://petstore.octoperf.com/"): Navigate to 'https://petstore.octoperf.com/' successfully

2023-08-28 11:03:46 - [MESSAGE][PASSED] - Navigate to 'https://petstore.octoperf.com/' successfully

2023-08-28 11:03:46 - [TEST_STEP][PASSED] - click(findTestObject("Object Repository/LandingPage/Page_JPetStore Demo/a_Enter the Store")): Object: 'Object Repository/LandingPage/Page_JPetStore Demo/a_Enter the Store' is clicked on

2023-08-28 11:03:47 - [MESSAGE][PASSED] - Object: 'Object Repository/LandingPage/Page_JPetStore Demo/a_Enter the Store' is clicked on

2023-08-28 11:03:47 - [TEST_STEP][PASSED] - verifyElementPresent(findTestObject("Object Repository/LandingPage/Page_JPetStore Demo/img"), 0): Object 'Object Repository/LandingPage/Page_JPetStore Demo/img' is present

2023-08-28 11:03:47 - [MESSAGE][WARNING] - Timeout '0' is invalid. Using default page load timeout: '30'

2023-08-28 11:03:48 - [MESSAGE][PASSED] - Object 'Object Repository/LandingPage/Page_JPetStore Demo/img' is present

2023-08-28 11:03:48 - [TEST_STEP][PASSED] - closeBrowser(): Browser is closed

2023-08-28 11:03:48 - [MESSAGE][PASSED] - Browser is closed]]></system-out>
         <system-err><![CDATA[]]></system-err>
      </testcase>
      <testcase name="Test Cases/Homepage/LandingPage_Fish" time="4.659" classname="Test Cases/Homepage/LandingPage_Fish" status="PASSED">
         <system-out><![CDATA[2023-08-28 11:03:48 - [TEST_CASE][PASSED] - Test Cases/Homepage/LandingPage_Fish: Test Cases/Homepage/LandingPage_Fish

2023-08-28 11:03:49 - [TEST_STEP][PASSED] - openBrowser(""): Browser is opened with url: ''

2023-08-28 11:03:49 - [MESSAGE][INFO] - Starting 'Chrome' driver

2023-08-28 11:03:49 - [MESSAGE][INFO] - Action delay is set to 0 milliseconds

2023-08-28 11:03:50 - [MESSAGE][PASSED] - Browser is opened with url: ''

2023-08-28 11:03:50 - [TEST_STEP][PASSED] - navigateToUrl("https://petstore.octoperf.com/"): Navigate to 'https://petstore.octoperf.com/' successfully

2023-08-28 11:03:51 - [MESSAGE][PASSED] - Navigate to 'https://petstore.octoperf.com/' successfully

2023-08-28 11:03:51 - [TEST_STEP][PASSED] - click(findTestObject("Object Repository/HomePage/Page_JPetStore Demo/a_Enter the Store")): Object: 'Object Repository/HomePage/Page_JPetStore Demo/a_Enter the Store' is clicked on

2023-08-28 11:03:52 - [MESSAGE][PASSED] - Object: 'Object Repository/HomePage/Page_JPetStore Demo/a_Enter the Store' is clicked on

2023-08-28 11:03:52 - [TEST_STEP][PASSED] - verifyElementPresent(findTestObject("Object Repository/HomePage/Page_JPetStore Demo/img"), 0): Object 'Object Repository/HomePage/Page_JPetStore Demo/img' is present

2023-08-28 11:03:52 - [MESSAGE][WARNING] - Timeout '0' is invalid. Using default page load timeout: '30'

2023-08-28 11:03:52 - [MESSAGE][PASSED] - Object 'Object Repository/HomePage/Page_JPetStore Demo/img' is present

2023-08-28 11:03:52 - [TEST_STEP][PASSED] - closeBrowser(): Browser is closed

2023-08-28 11:03:53 - [MESSAGE][PASSED] - Browser is closed]]></system-out>
         <system-err><![CDATA[]]></system-err>
      </testcase>
      <testcase name="Test Cases/Homepage/LandingPage_Reptiles" time="4.475" classname="Test Cases/Homepage/LandingPage_Reptiles" status="PASSED">
         <system-out><![CDATA[2023-08-28 11:03:53 - [TEST_CASE][PASSED] - Test Cases/Homepage/LandingPage_Reptiles: Test Cases/Homepage/LandingPage_Reptiles

2023-08-28 11:03:53 - [TEST_STEP][PASSED] - openBrowser(""): Browser is opened with url: ''

2023-08-28 11:03:53 - [MESSAGE][INFO] - Starting 'Chrome' driver

2023-08-28 11:03:53 - [MESSAGE][INFO] - Action delay is set to 0 milliseconds

2023-08-28 11:03:55 - [MESSAGE][PASSED] - Browser is opened with url: ''

2023-08-28 11:03:55 - [TEST_STEP][PASSED] - navigateToUrl("https://petstore.octoperf.com/"): Navigate to 'https://petstore.octoperf.com/' successfully

2023-08-28 11:03:55 - [MESSAGE][PASSED] - Navigate to 'https://petstore.octoperf.com/' successfully

2023-08-28 11:03:55 - [TEST_STEP][PASSED] - click(findTestObject("Object Repository/LandingPage/LP_Reptiles/Page_JPetStore Demo/a_Enter the Store")): Object: 'Object Repository/LandingPage/LP_Reptiles/Page_JPetStore Demo/a_Enter the Store' is clicked on

2023-08-28 11:03:56 - [MESSAGE][PASSED] - Object: 'Object Repository/LandingPage/LP_Reptiles/Page_JPetStore Demo/a_Enter the Store' is clicked on

2023-08-28 11:03:56 - [TEST_STEP][PASSED] - verifyElementPresent(findTestObject("Object Repository/LandingPage/LP_Reptiles/Page_JPetStore Demo/img"), 0): Object 'Object Repository/LandingPage/LP_Reptiles/Page_JPetStore Demo/img' is present

2023-08-28 11:03:57 - [MESSAGE][WARNING] - Timeout '0' is invalid. Using default page load timeout: '30'

2023-08-28 11:03:57 - [MESSAGE][PASSED] - Object 'Object Repository/LandingPage/LP_Reptiles/Page_JPetStore Demo/img' is present

2023-08-28 11:03:57 - [TEST_STEP][PASSED] - closeBrowser(): Browser is closed

2023-08-28 11:03:57 - [MESSAGE][PASSED] - Browser is closed]]></system-out>
         <system-err><![CDATA[]]></system-err>
      </testcase>
      <system-out><![CDATA[2023-08-28 11:03:36 - [TEST_SUITE][PASSED] - HP_TS: Test Cases/Homepage/LandingPage_Reptiles]]></system-out>
      <system-err><![CDATA[]]></system-err>
   </testsuite>
</testsuites>
