<?xml version="1.0" encoding="UTF-8"?>
<testsuites name="Cat" time="76.557" tests="1" failures="0" errors="0">
   <testsuite name="Cat" tests="1" failures="0" errors="0" time="76.557" skipped="0" timestamp="2023-08-28 11:20:19" hostname="SuhasB - suhasb.emids.local" id="Test Suites/SignIn_Page/Cat">
      <properties>
         <property name="deviceName" value=""/>
         <property name="devicePlatform" value=""/>
         <property name="logFolder" value="C:\\Users\\suhasb\\git\\onlinejpetstore\\Reports\\20230828_111956\\SignIn_Page\\Cat\\20230828_111956"/>
         <property name="logFiles" value="C:\\Users\\suhasb\\git\\onlinejpetstore\\Reports\\20230828_111956\\SignIn_Page\\Cat\\20230828_111956\\execution0.log"/>
         <property name="attachments" value=""/>
         <property name="hostName" value="SuhasB - suhasb.emids.local"/>
         <property name="os" value="Windows 10 64bit"/>
         <property name="katalonVersion" value="8.6.6.208"/>
         <property name="browser" value="Chrome 116.0.0.0"/>
         <property name="hostAddress" value="192.168.0.232"/>
         <property name="sessionId" value="5700d8444ce6fc0b843934da588c0e70"/>
         <property name="seleniumVersion" value="3.141.59"/>
         <property name="proxyInformation" value="ProxyInformation { proxyOption=NO_PROXY, proxyServerType=HTTP, username=, password=********, proxyServerAddress=, proxyServerPort=0, executionList=&quot;&quot;, isApplyToDesiredCapabilities=true }"/>
         <property name="platform" value="Windows 10"/>
      </properties>
      <testcase name="Test Cases/SignIn/Verify_Cat" time="76.078" classname="Test Cases/SignIn/Verify_Cat" status="PASSED">
         <system-out><![CDATA[2023-08-28 11:20:20 - [TEST_CASE][PASSED] - Test Cases/SignIn/Verify_Cat: Test Cases/SignIn/Verify_Cat

2023-08-28 11:20:20 - [TEST_STEP][PASSED] - openBrowser(""): Browser is opened with url: ''

2023-08-28 11:20:21 - [MESSAGE][INFO] - Starting 'Chrome' driver

2023-08-28 11:20:21 - [MESSAGE][INFO] - Action delay is set to 0 milliseconds

2023-08-28 11:20:25 - [MESSAGE][PASSED] - Browser is opened with url: ''

2023-08-28 11:20:25 - [TEST_STEP][PASSED] - navigateToUrl("https://petstore.octoperf.com/"): Navigate to 'https://petstore.octoperf.com/' successfully

2023-08-28 11:20:26 - [MESSAGE][PASSED] - Navigate to 'https://petstore.octoperf.com/' successfully

2023-08-28 11:20:26 - [TEST_STEP][PASSED] - click(findTestObject("Object Repository/SignIn_Page/Page_JPetStore Demo/a_Enter the Store (2)")): Object: 'Object Repository/SignIn_Page/Page_JPetStore Demo/a_Enter the Store (2)' is clicked on

2023-08-28 11:20:27 - [MESSAGE][PASSED] - Object: 'Object Repository/SignIn_Page/Page_JPetStore Demo/a_Enter the Store (2)' is clicked on

2023-08-28 11:20:27 - [TEST_STEP][PASSED] - click(findTestObject("Object Repository/SignIn_Page/Page_JPetStore Demo/a_Sign In (2)")): Object: 'Object Repository/SignIn_Page/Page_JPetStore Demo/a_Sign In (2)' is clicked on

2023-08-28 11:20:28 - [MESSAGE][PASSED] - Object: 'Object Repository/SignIn_Page/Page_JPetStore Demo/a_Sign In (2)' is clicked on

2023-08-28 11:20:28 - [TEST_STEP][PASSED] - setText(findTestObject("Object Repository/SignIn_Page/Page_JPetStore Demo/input_Need a user name and password_username (2)"), "suhas3"): Text 'suhas3' is set on object 'Object Repository/SignIn_Page/Page_JPetStore Demo/input_Need a user name and password_username (2)'

2023-08-28 11:20:59 - [MESSAGE][INFO] - Unable to find the element located by 'By.xpath: //input[@id='stripes--1344004493']'. Please recheck the objects properties to make sure the desired element is located. 

2023-08-28 11:20:59 - [MESSAGE][WARNING] - [SELF-HEALING] Failed to find element with id 'Object Repository/SignIn_Page/Page_JPetStore Demo/input_Need a user name and password_username (2)'. Try using Self-healing.

2023-08-28 11:20:59 - [MESSAGE][INFO] - [SELF-HEALING] Failed Locator: '//input[@id='stripes--1344004493']'.

2023-08-28 11:21:00 - [MESSAGE][INFO] - [SELF-HEALING] Working Locator: '//div[@id='Catalog']/form/p[2]/input'.

2023-08-28 11:21:00 - [MESSAGE][INFO] - [SELF-HEALING] Screenshot: C:/Users/suhasb/git/onlinejpetstore/Reports/Self-healing/Object Repository/SignIn_Page/Page_JPetStore Demo/input_Need a user name and password_username (2)_idRelative.png

2023-08-28 11:21:00 - [MESSAGE][WARNING] - [SELF-HEALING] The current locator of test object 'Object Repository/SignIn_Page/Page_JPetStore Demo/input_Need a user name and password_username (2)' was broken. Propose an alternative one: '//div[@id='Catalog']/form/p[2]/input'.

2023-08-28 11:21:32 - [MESSAGE][INFO] - Unable to find the element located by 'By.xpath: //input[@id='stripes--1344004493']'. Please recheck the objects properties to make sure the desired element is located. 

2023-08-28 11:21:32 - [MESSAGE][WARNING] - [SELF-HEALING] Failed to find element with id 'Object Repository/SignIn_Page/Page_JPetStore Demo/input_Need a user name and password_username (2)'. Try using Self-healing.

2023-08-28 11:21:32 - [MESSAGE][WARNING] - [SELF-HEALING] The current locator of test object 'Object Repository/SignIn_Page/Page_JPetStore Demo/input_Need a user name and password_username (2)' was broken. Propose an alternative one: '//div[@id='Catalog']/form/p[2]/input'.

2023-08-28 11:21:32 - [MESSAGE][PASSED] - Text 'suhas3' is set on object 'Object Repository/SignIn_Page/Page_JPetStore Demo/input_Need a user name and password_username (2)'

2023-08-28 11:21:32 - [TEST_STEP][PASSED] - setEncryptedText(findTestObject("Object Repository/SignIn_Page/Page_JPetStore Demo/input_Need a user name and password_password (2)"), "qg5PJjO9hfg="): Text ****** has been set on object 'Object Repository/SignIn_Page/Page_JPetStore Demo/input_Need a user name and password_password (2)'

2023-08-28 11:21:33 - [MESSAGE][PASSED] - Text ****** has been set on object 'Object Repository/SignIn_Page/Page_JPetStore Demo/input_Need a user name and password_password (2)'

2023-08-28 11:21:33 - [TEST_STEP][PASSED] - click(findTestObject("Object Repository/SignIn_Page/Page_JPetStore Demo/input_Need a user name and password_signon (2)")): Object: 'Object Repository/SignIn_Page/Page_JPetStore Demo/input_Need a user name and password_signon (2)' is clicked on

2023-08-28 11:21:34 - [MESSAGE][PASSED] - Object: 'Object Repository/SignIn_Page/Page_JPetStore Demo/input_Need a user name and password_signon (2)' is clicked on

2023-08-28 11:21:34 - [TEST_STEP][PASSED] - verifyElementPresent(findTestObject("Object Repository/SignIn_Page/Page_JPetStore Demo/img (2)"), 0): Object 'Object Repository/SignIn_Page/Page_JPetStore Demo/img (2)' is present

2023-08-28 11:21:34 - [MESSAGE][WARNING] - Timeout '0' is invalid. Using default page load timeout: '30'

2023-08-28 11:21:34 - [MESSAGE][PASSED] - Object 'Object Repository/SignIn_Page/Page_JPetStore Demo/img (2)' is present

2023-08-28 11:21:34 - [TEST_STEP][PASSED] - click(findTestObject("Object Repository/SignIn_Page/Page_JPetStore Demo/a_Sign Out (2)")): Object: 'Object Repository/SignIn_Page/Page_JPetStore Demo/a_Sign Out (2)' is clicked on

2023-08-28 11:21:35 - [MESSAGE][PASSED] - Object: 'Object Repository/SignIn_Page/Page_JPetStore Demo/a_Sign Out (2)' is clicked on

2023-08-28 11:21:35 - [TEST_STEP][PASSED] - closeBrowser(): Browser is closed

2023-08-28 11:21:36 - [MESSAGE][PASSED] - Browser is closed]]></system-out>
         <system-err><![CDATA[]]></system-err>
      </testcase>
      <system-out><![CDATA[2023-08-28 11:20:19 - [TEST_SUITE][PASSED] - Cat: Test Cases/SignIn/Verify_Cat]]></system-out>
      <system-err><![CDATA[]]></system-err>
   </testsuite>
</testsuites>
