<?xml version="1.0" encoding="UTF-8"?>
<testsuites name="Explore_Reptiles" time="73.792" tests="1" failures="0" errors="0">
   <testsuite name="Explore_Reptiles" tests="1" failures="0" errors="0" time="73.792" skipped="0" timestamp="2023-08-28 12:33:03" hostname="SuhasB - suhasb.emids.local" id="Test Suites/Exp_Page/Explore_Reptiles">
      <properties>
         <property name="deviceName" value=""/>
         <property name="devicePlatform" value=""/>
         <property name="logFolder" value="C:\\Users\\suhasb\\git\\onlinejpetstore\\Reports\\20230828_123255\\Exp_Page\\Explore_Reptiles\\20230828_123255"/>
         <property name="logFiles" value="C:\\Users\\suhasb\\git\\onlinejpetstore\\Reports\\20230828_123255\\Exp_Page\\Explore_Reptiles\\20230828_123255\\execution0.log"/>
         <property name="attachments" value=""/>
         <property name="hostName" value="SuhasB - suhasb.emids.local"/>
         <property name="os" value="Windows 10 64bit"/>
         <property name="katalonVersion" value="8.6.6.208"/>
         <property name="browser" value="Chrome 116.0.0.0"/>
         <property name="hostAddress" value="192.168.0.232"/>
         <property name="sessionId" value="f4a06b0b8e0d11c5b56cf3f4901815b1"/>
         <property name="seleniumVersion" value="3.141.59"/>
         <property name="proxyInformation" value="ProxyInformation { proxyOption=NO_PROXY, proxyServerType=HTTP, username=, password=********, proxyServerAddress=, proxyServerPort=0, executionList=&quot;&quot;, isApplyToDesiredCapabilities=true }"/>
         <property name="platform" value="Windows 10"/>
      </properties>
      <testcase name="Test Cases/ExplorePage/Explore_Reptiles" time="73.403" classname="Test Cases/ExplorePage/Explore_Reptiles" status="PASSED">
         <system-out><![CDATA[2023-08-28 12:33:03 - [TEST_CASE][PASSED] - Test Cases/ExplorePage/Explore_Reptiles: Test Cases/ExplorePage/Explore_Reptiles

2023-08-28 12:33:04 - [TEST_STEP][PASSED] - openBrowser(""): Browser is opened with url: ''

2023-08-28 12:33:04 - [MESSAGE][INFO] - Starting 'Chrome' driver

2023-08-28 12:33:04 - [MESSAGE][INFO] - Action delay is set to 0 milliseconds

2023-08-28 12:33:07 - [MESSAGE][PASSED] - Browser is opened with url: ''

2023-08-28 12:33:07 - [TEST_STEP][PASSED] - navigateToUrl("https://petstore.octoperf.com/"): Navigate to 'https://petstore.octoperf.com/' successfully

2023-08-28 12:33:07 - [MESSAGE][PASSED] - Navigate to 'https://petstore.octoperf.com/' successfully

2023-08-28 12:33:07 - [TEST_STEP][PASSED] - click(findTestObject("Object Repository/Exp/Page_JPetStore Demo/a_Enter the Store (3)")): Object: 'Object Repository/Exp/Page_JPetStore Demo/a_Enter the Store (3)' is clicked on

2023-08-28 12:33:08 - [MESSAGE][PASSED] - Object: 'Object Repository/Exp/Page_JPetStore Demo/a_Enter the Store (3)' is clicked on

2023-08-28 12:33:08 - [TEST_STEP][PASSED] - click(findTestObject("Object Repository/Exp/Page_JPetStore Demo/a_Sign In (3)")): Object: 'Object Repository/Exp/Page_JPetStore Demo/a_Sign In (3)' is clicked on

2023-08-28 12:33:09 - [MESSAGE][PASSED] - Object: 'Object Repository/Exp/Page_JPetStore Demo/a_Sign In (3)' is clicked on

2023-08-28 12:33:09 - [TEST_STEP][PASSED] - setText(findTestObject("Object Repository/Exp/Page_JPetStore Demo/input_Need a user name and password_username (3)"), "suhas3"): Text 'suhas3' is set on object 'Object Repository/Exp/Page_JPetStore Demo/input_Need a user name and password_username (3)'

2023-08-28 12:33:40 - [MESSAGE][INFO] - Unable to find the element located by 'By.xpath: //input[@id='stripes-449980235']'. Please recheck the objects properties to make sure the desired element is located. 

2023-08-28 12:33:40 - [MESSAGE][WARNING] - [SELF-HEALING] Failed to find element with id 'Object Repository/Exp/Page_JPetStore Demo/input_Need a user name and password_username (3)'. Try using Self-healing.

2023-08-28 12:33:41 - [MESSAGE][INFO] - [SELF-HEALING] Failed Locator: '//input[@id='stripes-449980235']'.

2023-08-28 12:33:41 - [MESSAGE][INFO] - [SELF-HEALING] Working Locator: '//div[@id='Catalog']/form/p[2]/input'.

2023-08-28 12:33:41 - [MESSAGE][INFO] - [SELF-HEALING] Screenshot: C:/Users/suhasb/git/onlinejpetstore/Reports/Self-healing/Object Repository/Exp/Page_JPetStore Demo/input_Need a user name and password_username (3)_idRelative.png

2023-08-28 12:33:41 - [MESSAGE][WARNING] - [SELF-HEALING] The current locator of test object 'Object Repository/Exp/Page_JPetStore Demo/input_Need a user name and password_username (3)' was broken. Propose an alternative one: '//div[@id='Catalog']/form/p[2]/input'.

2023-08-28 12:34:13 - [MESSAGE][INFO] - Unable to find the element located by 'By.xpath: //input[@id='stripes-449980235']'. Please recheck the objects properties to make sure the desired element is located. 

2023-08-28 12:34:13 - [MESSAGE][WARNING] - [SELF-HEALING] Failed to find element with id 'Object Repository/Exp/Page_JPetStore Demo/input_Need a user name and password_username (3)'. Try using Self-healing.

2023-08-28 12:34:13 - [MESSAGE][WARNING] - [SELF-HEALING] The current locator of test object 'Object Repository/Exp/Page_JPetStore Demo/input_Need a user name and password_username (3)' was broken. Propose an alternative one: '//div[@id='Catalog']/form/p[2]/input'.

2023-08-28 12:34:13 - [MESSAGE][PASSED] - Text 'suhas3' is set on object 'Object Repository/Exp/Page_JPetStore Demo/input_Need a user name and password_username (3)'

2023-08-28 12:34:13 - [TEST_STEP][PASSED] - setEncryptedText(findTestObject("Object Repository/Exp/Page_JPetStore Demo/input_Need a user name and password_password (3)"), "qg5PJjO9hfg="): Text ****** has been set on object 'Object Repository/Exp/Page_JPetStore Demo/input_Need a user name and password_password (3)'

2023-08-28 12:34:13 - [MESSAGE][PASSED] - Text ****** has been set on object 'Object Repository/Exp/Page_JPetStore Demo/input_Need a user name and password_password (3)'

2023-08-28 12:34:13 - [TEST_STEP][PASSED] - click(findTestObject("Object Repository/Exp/Page_JPetStore Demo/input_Need a user name and password_signon (3)")): Object: 'Object Repository/Exp/Page_JPetStore Demo/input_Need a user name and password_signon (3)' is clicked on

2023-08-28 12:34:14 - [MESSAGE][PASSED] - Object: 'Object Repository/Exp/Page_JPetStore Demo/input_Need a user name and password_signon (3)' is clicked on

2023-08-28 12:34:14 - [TEST_STEP][PASSED] - click(findTestObject("Object Repository/Exp/Page_JPetStore Demo/img (3)")): Object: 'Object Repository/Exp/Page_JPetStore Demo/img (3)' is clicked on

2023-08-28 12:34:15 - [MESSAGE][PASSED] - Object: 'Object Repository/Exp/Page_JPetStore Demo/img (3)' is clicked on

2023-08-28 12:34:15 - [TEST_STEP][PASSED] - verifyElementPresent(findTestObject("Object Repository/Exp/Page_JPetStore Demo/th_Product ID (3)"), 0): Object 'Object Repository/Exp/Page_JPetStore Demo/th_Product ID (3)' is present

2023-08-28 12:34:15 - [MESSAGE][WARNING] - Timeout '0' is invalid. Using default page load timeout: '30'

2023-08-28 12:34:15 - [MESSAGE][PASSED] - Object 'Object Repository/Exp/Page_JPetStore Demo/th_Product ID (3)' is present

2023-08-28 12:34:15 - [TEST_STEP][PASSED] - click(findTestObject("Object Repository/Exp/Page_JPetStore Demo/a_Sign Out (3)")): Object: 'Object Repository/Exp/Page_JPetStore Demo/a_Sign Out (3)' is clicked on

2023-08-28 12:34:16 - [MESSAGE][PASSED] - Object: 'Object Repository/Exp/Page_JPetStore Demo/a_Sign Out (3)' is clicked on

2023-08-28 12:34:16 - [TEST_STEP][PASSED] - closeBrowser(): Browser is closed

2023-08-28 12:34:17 - [MESSAGE][PASSED] - Browser is closed]]></system-out>
         <system-err><![CDATA[]]></system-err>
      </testcase>
      <system-out><![CDATA[2023-08-28 12:33:03 - [TEST_SUITE][PASSED] - Explore_Reptiles: Test Cases/ExplorePage/Explore_Reptiles]]></system-out>
      <system-err><![CDATA[]]></system-err>
   </testsuite>
</testsuites>
