<?xml version="1.0" encoding="UTF-8"?>
<testsuites name="VT_Cat" time="8.656" tests="1" failures="0" errors="0">
   <testsuite name="VT_Cat" tests="1" failures="0" errors="0" time="8.656" skipped="0" timestamp="2023-08-29 11:07:23" hostname="SuhasB - suhasb.emids.local" id="Test Suites/VT/VT_Cat">
      <properties>
         <property name="deviceName" value=""/>
         <property name="devicePlatform" value=""/>
         <property name="logFolder" value="C:\\Users\\suhasb\\git\\onlinejpetstore\\Reports\\20230829_110713\\VT\\VT_Cat\\20230829_110713"/>
         <property name="logFiles" value="C:\\Users\\suhasb\\git\\onlinejpetstore\\Reports\\20230829_110713\\VT\\VT_Cat\\20230829_110713\\execution0.log"/>
         <property name="attachments" value="keyes\keyes-Cat.png"/>
         <property name="hostName" value="SuhasB - suhasb.emids.local"/>
         <property name="os" value="Windows 10 64bit"/>
         <property name="katalonVersion" value="8.6.6.208"/>
         <property name="browser" value="Chrome 116.0.0.0"/>
         <property name="hostAddress" value="192.168.0.232"/>
         <property name="sessionId" value="f3acd6352839fd05235f284473739971"/>
         <property name="seleniumVersion" value="3.141.59"/>
         <property name="proxyInformation" value="ProxyInformation { proxyOption=NO_PROXY, proxyServerType=HTTP, username=, password=********, proxyServerAddress=, proxyServerPort=0, executionList=&quot;&quot;, isApplyToDesiredCapabilities=true }"/>
         <property name="platform" value="Windows 10"/>
      </properties>
      <testcase name="Test Cases/VT_TestCases/VT_Cat" time="8.268" classname="Test Cases/VT_TestCases/VT_Cat" status="PASSED">
         <system-out><![CDATA[2023-08-29 11:07:24 - [TEST_CASE][PASSED] - Test Cases/VT_TestCases/VT_Cat: Test Cases/VT_TestCases/VT_Cat

2023-08-29 11:07:24 - [TEST_STEP][PASSED] - openBrowser(""): Browser is opened with url: ''

2023-08-29 11:07:25 - [MESSAGE][INFO] - Starting 'Chrome' driver

2023-08-29 11:07:25 - [MESSAGE][INFO] - Action delay is set to 0 milliseconds

2023-08-29 11:07:27 - [MESSAGE][PASSED] - Browser is opened with url: ''

2023-08-29 11:07:27 - [TEST_STEP][PASSED] - navigateToUrl("https://petstore.octoperf.com/"): Navigate to 'https://petstore.octoperf.com/' successfully

2023-08-29 11:07:28 - [MESSAGE][PASSED] - Navigate to 'https://petstore.octoperf.com/' successfully

2023-08-29 11:07:28 - [TEST_STEP][PASSED] - click(findTestObject("Object Repository/VT/Page_JPetStore Demo/a_Enter the Store (3)")): Object: 'Object Repository/VT/Page_JPetStore Demo/a_Enter the Store (3)' is clicked on

2023-08-29 11:07:29 - [MESSAGE][PASSED] - Object: 'Object Repository/VT/Page_JPetStore Demo/a_Enter the Store (3)' is clicked on

2023-08-29 11:07:29 - [TEST_STEP][PASSED] - click(findTestObject("Object Repository/VT/Page_JPetStore Demo/img (3)")): Object: 'Object Repository/VT/Page_JPetStore Demo/img (3)' is clicked on

2023-08-29 11:07:30 - [MESSAGE][PASSED] - Object: 'Object Repository/VT/Page_JPetStore Demo/img (3)' is clicked on

2023-08-29 11:07:30 - [TEST_STEP][PASSED] - takeScreenshotAsCheckpoint("Cat"): Taking screenshot successfully

2023-08-29 11:07:31 - [MESSAGE][INFO] - 0 hidden object(s)

2023-08-29 11:07:31 - [MESSAGE][PASSED] - Taking screenshot successfully
[[ATTACHMENT|keyes\keyes-Cat.png]]

2023-08-29 11:07:31 - [TEST_STEP][PASSED] - closeBrowser(): Browser is closed

2023-08-29 11:07:32 - [MESSAGE][PASSED] - Browser is closed]]></system-out>
         <system-err><![CDATA[]]></system-err>
      </testcase>
      <system-out><![CDATA[2023-08-29 11:07:23 - [TEST_SUITE][PASSED] - VT_Cat: Test Cases/VT_TestCases/VT_Cat]]></system-out>
      <system-err><![CDATA[]]></system-err>
   </testsuite>
</testsuites>
