<?xml version="1.0" encoding="UTF-8"?>
<testsuites name="Explore_Fish" time="73.89" tests="1" failures="0" errors="0">
   <testsuite name="Explore_Fish" tests="1" failures="0" errors="0" time="73.89" skipped="0" timestamp="2023-08-28 12:31:30" hostname="SuhasB - suhasb.emids.local" id="Test Suites/Exp_Page/Explore_Fish">
      <properties>
         <property name="deviceName" value=""/>
         <property name="devicePlatform" value=""/>
         <property name="logFolder" value="C:\\Users\\suhasb\\git\\onlinejpetstore\\Reports\\20230828_123121\\Exp_Page\\Explore_Fish\\20230828_123122"/>
         <property name="logFiles" value="C:\\Users\\suhasb\\git\\onlinejpetstore\\Reports\\20230828_123121\\Exp_Page\\Explore_Fish\\20230828_123122\\execution0.log"/>
         <property name="attachments" value=""/>
         <property name="hostName" value="SuhasB - suhasb.emids.local"/>
         <property name="os" value="Windows 10 64bit"/>
         <property name="katalonVersion" value="8.6.6.208"/>
         <property name="browser" value="Chrome 116.0.0.0"/>
         <property name="hostAddress" value="192.168.0.232"/>
         <property name="sessionId" value="e4ba7db50bd42b7f44896a6d286a4723"/>
         <property name="seleniumVersion" value="3.141.59"/>
         <property name="proxyInformation" value="ProxyInformation { proxyOption=NO_PROXY, proxyServerType=HTTP, username=, password=********, proxyServerAddress=, proxyServerPort=0, executionList=&quot;&quot;, isApplyToDesiredCapabilities=true }"/>
         <property name="platform" value="Windows 10"/>
      </properties>
      <testcase name="Test Cases/ExplorePage/Explore_Fish" time="73.411" classname="Test Cases/ExplorePage/Explore_Fish" status="PASSED">
         <system-out><![CDATA[2023-08-28 12:31:31 - [TEST_CASE][PASSED] - Test Cases/ExplorePage/Explore_Fish: Test Cases/ExplorePage/Explore_Fish

2023-08-28 12:31:31 - [TEST_STEP][PASSED] - openBrowser(""): Browser is opened with url: ''

2023-08-28 12:31:31 - [MESSAGE][INFO] - Starting 'Chrome' driver

2023-08-28 12:31:31 - [MESSAGE][INFO] - Action delay is set to 0 milliseconds

2023-08-28 12:31:34 - [MESSAGE][PASSED] - Browser is opened with url: ''

2023-08-28 12:31:34 - [TEST_STEP][PASSED] - navigateToUrl("https://petstore.octoperf.com/"): Navigate to 'https://petstore.octoperf.com/' successfully

2023-08-28 12:31:34 - [MESSAGE][PASSED] - Navigate to 'https://petstore.octoperf.com/' successfully

2023-08-28 12:31:34 - [TEST_STEP][PASSED] - click(findTestObject("Object Repository/Exp/Page_JPetStore Demo/a_Enter the Store (2)")): Object: 'Object Repository/Exp/Page_JPetStore Demo/a_Enter the Store (2)' is clicked on

2023-08-28 12:31:36 - [MESSAGE][PASSED] - Object: 'Object Repository/Exp/Page_JPetStore Demo/a_Enter the Store (2)' is clicked on

2023-08-28 12:31:36 - [TEST_STEP][PASSED] - click(findTestObject("Object Repository/Exp/Page_JPetStore Demo/a_Sign In (2)")): Object: 'Object Repository/Exp/Page_JPetStore Demo/a_Sign In (2)' is clicked on

2023-08-28 12:31:36 - [MESSAGE][PASSED] - Object: 'Object Repository/Exp/Page_JPetStore Demo/a_Sign In (2)' is clicked on

2023-08-28 12:31:36 - [TEST_STEP][PASSED] - setText(findTestObject("Object Repository/Exp/Page_JPetStore Demo/input_Need a user name and password_username (2)"), "suhas3"): Text 'suhas3' is set on object 'Object Repository/Exp/Page_JPetStore Demo/input_Need a user name and password_username (2)'

2023-08-28 12:32:08 - [MESSAGE][INFO] - Unable to find the element located by 'By.xpath: //input[@id='stripes-978900983']'. Please recheck the objects properties to make sure the desired element is located. 

2023-08-28 12:32:08 - [MESSAGE][WARNING] - [SELF-HEALING] Failed to find element with id 'Object Repository/Exp/Page_JPetStore Demo/input_Need a user name and password_username (2)'. Try using Self-healing.

2023-08-28 12:32:08 - [MESSAGE][INFO] - [SELF-HEALING] Failed Locator: '//input[@id='stripes-978900983']'.

2023-08-28 12:32:08 - [MESSAGE][INFO] - [SELF-HEALING] Working Locator: '//div[@id='Catalog']/form/p[2]/input'.

2023-08-28 12:32:09 - [MESSAGE][INFO] - [SELF-HEALING] Screenshot: C:/Users/suhasb/git/onlinejpetstore/Reports/Self-healing/Object Repository/Exp/Page_JPetStore Demo/input_Need a user name and password_username (2)_idRelative.png

2023-08-28 12:32:09 - [MESSAGE][WARNING] - [SELF-HEALING] The current locator of test object 'Object Repository/Exp/Page_JPetStore Demo/input_Need a user name and password_username (2)' was broken. Propose an alternative one: '//div[@id='Catalog']/form/p[2]/input'.

2023-08-28 12:32:40 - [MESSAGE][INFO] - Unable to find the element located by 'By.xpath: //input[@id='stripes-978900983']'. Please recheck the objects properties to make sure the desired element is located. 

2023-08-28 12:32:40 - [MESSAGE][WARNING] - [SELF-HEALING] Failed to find element with id 'Object Repository/Exp/Page_JPetStore Demo/input_Need a user name and password_username (2)'. Try using Self-healing.

2023-08-28 12:32:40 - [MESSAGE][WARNING] - [SELF-HEALING] The current locator of test object 'Object Repository/Exp/Page_JPetStore Demo/input_Need a user name and password_username (2)' was broken. Propose an alternative one: '//div[@id='Catalog']/form/p[2]/input'.

2023-08-28 12:32:40 - [MESSAGE][PASSED] - Text 'suhas3' is set on object 'Object Repository/Exp/Page_JPetStore Demo/input_Need a user name and password_username (2)'

2023-08-28 12:32:40 - [TEST_STEP][PASSED] - setEncryptedText(findTestObject("Object Repository/Exp/Page_JPetStore Demo/input_Need a user name and password_password (2)"), "qg5PJjO9hfg="): Text ****** has been set on object 'Object Repository/Exp/Page_JPetStore Demo/input_Need a user name and password_password (2)'

2023-08-28 12:32:41 - [MESSAGE][PASSED] - Text ****** has been set on object 'Object Repository/Exp/Page_JPetStore Demo/input_Need a user name and password_password (2)'

2023-08-28 12:32:41 - [TEST_STEP][PASSED] - click(findTestObject("Object Repository/Exp/Page_JPetStore Demo/input_Need a user name and password_signon (2)")): Object: 'Object Repository/Exp/Page_JPetStore Demo/input_Need a user name and password_signon (2)' is clicked on

2023-08-28 12:32:41 - [MESSAGE][PASSED] - Object: 'Object Repository/Exp/Page_JPetStore Demo/input_Need a user name and password_signon (2)' is clicked on

2023-08-28 12:32:41 - [TEST_STEP][PASSED] - click(findTestObject("Object Repository/Exp/Page_JPetStore Demo/img (2)")): Object: 'Object Repository/Exp/Page_JPetStore Demo/img (2)' is clicked on

2023-08-28 12:32:42 - [MESSAGE][PASSED] - Object: 'Object Repository/Exp/Page_JPetStore Demo/img (2)' is clicked on

2023-08-28 12:32:42 - [TEST_STEP][PASSED] - verifyElementPresent(findTestObject("Object Repository/Exp/Page_JPetStore Demo/th_Product ID (2)"), 0): Object 'Object Repository/Exp/Page_JPetStore Demo/th_Product ID (2)' is present

2023-08-28 12:32:42 - [MESSAGE][WARNING] - Timeout '0' is invalid. Using default page load timeout: '30'

2023-08-28 12:32:43 - [MESSAGE][PASSED] - Object 'Object Repository/Exp/Page_JPetStore Demo/th_Product ID (2)' is present

2023-08-28 12:32:43 - [TEST_STEP][PASSED] - click(findTestObject("Object Repository/Exp/Page_JPetStore Demo/a_Sign Out (2)")): Object: 'Object Repository/Exp/Page_JPetStore Demo/a_Sign Out (2)' is clicked on

2023-08-28 12:32:43 - [MESSAGE][PASSED] - Object: 'Object Repository/Exp/Page_JPetStore Demo/a_Sign Out (2)' is clicked on

2023-08-28 12:32:43 - [TEST_STEP][PASSED] - closeBrowser(): Browser is closed

2023-08-28 12:32:44 - [MESSAGE][PASSED] - Browser is closed]]></system-out>
         <system-err><![CDATA[]]></system-err>
      </testcase>
      <system-out><![CDATA[2023-08-28 12:31:30 - [TEST_SUITE][PASSED] - Explore_Fish: Test Cases/ExplorePage/Explore_Fish]]></system-out>
      <system-err><![CDATA[]]></system-err>
   </testsuite>
</testsuites>
