<?xml version="1.0" encoding="UTF-8"?>
<testsuites name="LandingPage" time="8.628" tests="1" failures="0" errors="0">
   <testsuite name="LandingPage" tests="1" failures="0" errors="0" time="8.628" skipped="0" timestamp="2023-08-24 10:59:47" hostname="SuhasB - suhasb.emids.local" id="Test Suites/LP_TS/LandingPage">
      <properties>
         <property name="deviceName" value=""/>
         <property name="devicePlatform" value=""/>
         <property name="logFolder" value="C:\\Users\\suhasb\\git\\onlinejpetstore\\Reports\\20230824_105944\\LP_TS\\LandingPage\\20230824_105944"/>
         <property name="logFiles" value="C:\\Users\\suhasb\\git\\onlinejpetstore\\Reports\\20230824_105944\\LP_TS\\LandingPage\\20230824_105944\\execution0.log"/>
         <property name="attachments" value=""/>
         <property name="hostName" value="SuhasB - suhasb.emids.local"/>
         <property name="os" value="Windows 10 64bit"/>
         <property name="katalonVersion" value="8.6.6.208"/>
         <property name="browser" value="Chrome 116.0.0.0"/>
         <property name="hostAddress" value="192.168.0.232"/>
         <property name="sessionId" value="40a353dd094ebdc551bfe976d70c95a5"/>
         <property name="seleniumVersion" value="3.141.59"/>
         <property name="proxyInformation" value="ProxyInformation { proxyOption=NO_PROXY, proxyServerType=HTTP, username=, password=********, proxyServerAddress=, proxyServerPort=0, executionList=&quot;&quot;, isApplyToDesiredCapabilities=true }"/>
         <property name="platform" value="Windows 10"/>
      </properties>
      <testcase name="Test Cases/Verify_LandingPage" time="8.258" classname="Test Cases/Verify_LandingPage" status="PASSED">
         <system-out><![CDATA[2023-08-24 10:59:48 - [TEST_CASE][PASSED] - Test Cases/Verify_LandingPage: Test Cases/Verify_LandingPage

2023-08-24 10:59:48 - [TEST_STEP][PASSED] - openBrowser(""): Browser is opened with url: ''

2023-08-24 10:59:48 - [MESSAGE][INFO] - Starting 'Chrome' driver

2023-08-24 10:59:48 - [MESSAGE][INFO] - Action delay is set to 0 milliseconds

2023-08-24 10:59:51 - [MESSAGE][PASSED] - Browser is opened with url: ''

2023-08-24 10:59:51 - [TEST_STEP][PASSED] - navigateToUrl("https://petstore.octoperf.com/"): Navigate to 'https://petstore.octoperf.com/' successfully

2023-08-24 10:59:52 - [MESSAGE][PASSED] - Navigate to 'https://petstore.octoperf.com/' successfully

2023-08-24 10:59:52 - [TEST_STEP][PASSED] - click(findTestObject("Object Repository/LandingPage/Page_JPetStore Demo/a_Enter the Store")): Object: 'Object Repository/LandingPage/Page_JPetStore Demo/a_Enter the Store' is clicked on

2023-08-24 10:59:54 - [MESSAGE][PASSED] - Object: 'Object Repository/LandingPage/Page_JPetStore Demo/a_Enter the Store' is clicked on

2023-08-24 10:59:54 - [TEST_STEP][PASSED] - click(findTestObject("Object Repository/LandingPage/Page_JPetStore Demo/a_Sign In")): Object: 'Object Repository/LandingPage/Page_JPetStore Demo/a_Sign In' is clicked on

2023-08-24 10:59:55 - [MESSAGE][PASSED] - Object: 'Object Repository/LandingPage/Page_JPetStore Demo/a_Sign In' is clicked on

2023-08-24 10:59:55 - [TEST_STEP][PASSED] - verifyElementPresent(findTestObject("Object Repository/LandingPage/Page_JPetStore Demo/a_Sign In_1"), 0): Object 'Object Repository/LandingPage/Page_JPetStore Demo/a_Sign In_1' is present

2023-08-24 10:59:55 - [MESSAGE][WARNING] - Timeout '0' is invalid. Using default page load timeout: '30'

2023-08-24 10:59:55 - [MESSAGE][PASSED] - Object 'Object Repository/LandingPage/Page_JPetStore Demo/a_Sign In_1' is present

2023-08-24 10:59:55 - [TEST_STEP][PASSED] - closeBrowser(): Browser is closed

2023-08-24 10:59:56 - [MESSAGE][PASSED] - Browser is closed]]></system-out>
         <system-err><![CDATA[]]></system-err>
      </testcase>
      <system-out><![CDATA[2023-08-24 10:59:47 - [TEST_SUITE][PASSED] - LandingPage: Test Cases/Verify_LandingPage]]></system-out>
      <system-err><![CDATA[]]></system-err>
   </testsuite>
</testsuites>
