<?xml version="1.0" encoding="UTF-8"?>
<testsuites name="VT_Dog" time="8.667" tests="1" failures="0" errors="0">
   <testsuite name="VT_Dog" tests="1" failures="0" errors="0" time="8.667" skipped="0" timestamp="2023-08-29 11:09:41" hostname="SuhasB - suhasb.emids.local" id="Test Suites/VT/VT_Dog">
      <properties>
         <property name="deviceName" value=""/>
         <property name="devicePlatform" value=""/>
         <property name="logFolder" value="C:\\Users\\suhasb\\git\\onlinejpetstore\\Reports\\20230829_110930\\VT\\VT_Dog\\20230829_110930"/>
         <property name="logFiles" value="C:\\Users\\suhasb\\git\\onlinejpetstore\\Reports\\20230829_110930\\VT\\VT_Dog\\20230829_110930\\execution0.log"/>
         <property name="attachments" value="keyes\keyes-Dog.png"/>
         <property name="hostName" value="SuhasB - suhasb.emids.local"/>
         <property name="os" value="Windows 10 64bit"/>
         <property name="katalonVersion" value="8.6.6.208"/>
         <property name="browser" value="Chrome 116.0.0.0"/>
         <property name="hostAddress" value="192.168.0.232"/>
         <property name="sessionId" value="14ecd51254915ea16935963adc580bed"/>
         <property name="seleniumVersion" value="3.141.59"/>
         <property name="proxyInformation" value="ProxyInformation { proxyOption=NO_PROXY, proxyServerType=HTTP, username=, password=********, proxyServerAddress=, proxyServerPort=0, executionList=&quot;&quot;, isApplyToDesiredCapabilities=true }"/>
         <property name="platform" value="Windows 10"/>
      </properties>
      <testcase name="Test Cases/VT_TestCases/VT_Dog" time="8.223" classname="Test Cases/VT_TestCases/VT_Dog" status="PASSED">
         <system-out><![CDATA[2023-08-29 11:09:42 - [TEST_CASE][PASSED] - Test Cases/VT_TestCases/VT_Dog: Test Cases/VT_TestCases/VT_Dog

2023-08-29 11:09:43 - [TEST_STEP][PASSED] - openBrowser(""): Browser is opened with url: ''

2023-08-29 11:09:43 - [MESSAGE][INFO] - Starting 'Chrome' driver

2023-08-29 11:09:43 - [MESSAGE][INFO] - Action delay is set to 0 milliseconds

2023-08-29 11:09:45 - [MESSAGE][PASSED] - Browser is opened with url: ''

2023-08-29 11:09:45 - [TEST_STEP][PASSED] - navigateToUrl("https://petstore.octoperf.com/"): Navigate to 'https://petstore.octoperf.com/' successfully

2023-08-29 11:09:46 - [MESSAGE][PASSED] - Navigate to 'https://petstore.octoperf.com/' successfully

2023-08-29 11:09:46 - [TEST_STEP][PASSED] - click(findTestObject("Object Repository/VT/Page_JPetStore Demo/a_Enter the Store (4)")): Object: 'Object Repository/VT/Page_JPetStore Demo/a_Enter the Store (4)' is clicked on

2023-08-29 11:09:47 - [MESSAGE][PASSED] - Object: 'Object Repository/VT/Page_JPetStore Demo/a_Enter the Store (4)' is clicked on

2023-08-29 11:09:47 - [TEST_STEP][PASSED] - click(findTestObject("Object Repository/VT/Page_JPetStore Demo/img (4)")): Object: 'Object Repository/VT/Page_JPetStore Demo/img (4)' is clicked on

2023-08-29 11:09:48 - [MESSAGE][PASSED] - Object: 'Object Repository/VT/Page_JPetStore Demo/img (4)' is clicked on

2023-08-29 11:09:48 - [TEST_STEP][PASSED] - takeScreenshotAsCheckpoint("Dog"): Taking screenshot successfully

2023-08-29 11:09:49 - [MESSAGE][INFO] - 0 hidden object(s)

2023-08-29 11:09:49 - [MESSAGE][PASSED] - Taking screenshot successfully
[[ATTACHMENT|keyes\keyes-Dog.png]]

2023-08-29 11:09:49 - [TEST_STEP][PASSED] - closeBrowser(): Browser is closed

2023-08-29 11:09:50 - [MESSAGE][PASSED] - Browser is closed]]></system-out>
         <system-err><![CDATA[]]></system-err>
      </testcase>
      <system-out><![CDATA[2023-08-29 11:09:41 - [TEST_SUITE][PASSED] - VT_Dog: Test Cases/VT_TestCases/VT_Dog]]></system-out>
      <system-err><![CDATA[]]></system-err>
   </testsuite>
</testsuites>
