<?xml version="1.0" encoding="UTF-8"?>
<testsuites name="Birds" time="76.43" tests="1" failures="0" errors="0">
   <testsuite name="Birds" tests="1" failures="0" errors="0" time="76.43" skipped="0" timestamp="2023-08-28 11:18:29" hostname="SuhasB - suhasb.emids.local" id="Test Suites/SignIn_Page/Birds">
      <properties>
         <property name="deviceName" value=""/>
         <property name="devicePlatform" value=""/>
         <property name="logFolder" value="C:\\Users\\suhasb\\git\\onlinejpetstore\\Reports\\20230828_111806\\SignIn_Page\\Birds\\20230828_111806"/>
         <property name="logFiles" value="C:\\Users\\suhasb\\git\\onlinejpetstore\\Reports\\20230828_111806\\SignIn_Page\\Birds\\20230828_111806\\execution0.log"/>
         <property name="attachments" value=""/>
         <property name="hostName" value="SuhasB - suhasb.emids.local"/>
         <property name="os" value="Windows 10 64bit"/>
         <property name="katalonVersion" value="8.6.6.208"/>
         <property name="browser" value="Chrome 116.0.0.0"/>
         <property name="hostAddress" value="192.168.0.232"/>
         <property name="sessionId" value="f9c8b71a77153b4523a09d9d7bee40a2"/>
         <property name="seleniumVersion" value="3.141.59"/>
         <property name="proxyInformation" value="ProxyInformation { proxyOption=NO_PROXY, proxyServerType=HTTP, username=, password=********, proxyServerAddress=, proxyServerPort=0, executionList=&quot;&quot;, isApplyToDesiredCapabilities=true }"/>
         <property name="platform" value="Windows 10"/>
      </properties>
      <testcase name="Test Cases/SignIn/Verify_Birds" time="75.932" classname="Test Cases/SignIn/Verify_Birds" status="PASSED">
         <system-out><![CDATA[2023-08-28 11:18:30 - [TEST_CASE][PASSED] - Test Cases/SignIn/Verify_Birds: Test Cases/SignIn/Verify_Birds

2023-08-28 11:18:30 - [TEST_STEP][PASSED] - openBrowser(""): Browser is opened with url: ''

2023-08-28 11:18:31 - [MESSAGE][INFO] - Starting 'Chrome' driver

2023-08-28 11:18:31 - [MESSAGE][INFO] - Action delay is set to 0 milliseconds

2023-08-28 11:18:35 - [MESSAGE][PASSED] - Browser is opened with url: ''

2023-08-28 11:18:35 - [TEST_STEP][PASSED] - navigateToUrl("https://petstore.octoperf.com/"): Navigate to 'https://petstore.octoperf.com/' successfully

2023-08-28 11:18:35 - [MESSAGE][PASSED] - Navigate to 'https://petstore.octoperf.com/' successfully

2023-08-28 11:18:35 - [TEST_STEP][PASSED] - click(findTestObject("Object Repository/SignIn_Page/Page_JPetStore Demo/a_Enter the Store")): Object: 'Object Repository/SignIn_Page/Page_JPetStore Demo/a_Enter the Store' is clicked on

2023-08-28 11:18:37 - [MESSAGE][PASSED] - Object: 'Object Repository/SignIn_Page/Page_JPetStore Demo/a_Enter the Store' is clicked on

2023-08-28 11:18:37 - [TEST_STEP][PASSED] - click(findTestObject("Object Repository/SignIn_Page/Page_JPetStore Demo/a_Sign In")): Object: 'Object Repository/SignIn_Page/Page_JPetStore Demo/a_Sign In' is clicked on

2023-08-28 11:18:38 - [MESSAGE][PASSED] - Object: 'Object Repository/SignIn_Page/Page_JPetStore Demo/a_Sign In' is clicked on

2023-08-28 11:18:38 - [TEST_STEP][PASSED] - setText(findTestObject("Object Repository/SignIn_Page/Page_JPetStore Demo/input_Need a user name and password_username"), "suhas3"): Text 'suhas3' is set on object 'Object Repository/SignIn_Page/Page_JPetStore Demo/input_Need a user name and password_username'

2023-08-28 11:19:09 - [MESSAGE][INFO] - Unable to find the element located by 'By.xpath: //input[@id='stripes--1416405659']'. Please recheck the objects properties to make sure the desired element is located. 

2023-08-28 11:19:09 - [MESSAGE][WARNING] - [SELF-HEALING] Failed to find element with id 'Object Repository/SignIn_Page/Page_JPetStore Demo/input_Need a user name and password_username'. Try using Self-healing.

2023-08-28 11:19:09 - [MESSAGE][INFO] - [SELF-HEALING] Failed Locator: '//input[@id='stripes--1416405659']'.

2023-08-28 11:19:09 - [MESSAGE][INFO] - [SELF-HEALING] Working Locator: '//div[@id='Catalog']/form/p[2]/input'.

2023-08-28 11:19:10 - [MESSAGE][INFO] - [SELF-HEALING] Screenshot: C:/Users/suhasb/git/onlinejpetstore/Reports/Self-healing/Object Repository/SignIn_Page/Page_JPetStore Demo/input_Need a user name and password_username_idRelative.png

2023-08-28 11:19:10 - [MESSAGE][WARNING] - [SELF-HEALING] The current locator of test object 'Object Repository/SignIn_Page/Page_JPetStore Demo/input_Need a user name and password_username' was broken. Propose an alternative one: '//div[@id='Catalog']/form/p[2]/input'.

2023-08-28 11:19:41 - [MESSAGE][INFO] - Unable to find the element located by 'By.xpath: //input[@id='stripes--1416405659']'. Please recheck the objects properties to make sure the desired element is located. 

2023-08-28 11:19:41 - [MESSAGE][WARNING] - [SELF-HEALING] Failed to find element with id 'Object Repository/SignIn_Page/Page_JPetStore Demo/input_Need a user name and password_username'. Try using Self-healing.

2023-08-28 11:19:41 - [MESSAGE][WARNING] - [SELF-HEALING] The current locator of test object 'Object Repository/SignIn_Page/Page_JPetStore Demo/input_Need a user name and password_username' was broken. Propose an alternative one: '//div[@id='Catalog']/form/p[2]/input'.

2023-08-28 11:19:42 - [MESSAGE][PASSED] - Text 'suhas3' is set on object 'Object Repository/SignIn_Page/Page_JPetStore Demo/input_Need a user name and password_username'

2023-08-28 11:19:42 - [TEST_STEP][PASSED] - setEncryptedText(findTestObject("Object Repository/SignIn_Page/Page_JPetStore Demo/input_Need a user name and password_password"), "qg5PJjO9hfg="): Text ****** has been set on object 'Object Repository/SignIn_Page/Page_JPetStore Demo/input_Need a user name and password_password'

2023-08-28 11:19:42 - [MESSAGE][PASSED] - Text ****** has been set on object 'Object Repository/SignIn_Page/Page_JPetStore Demo/input_Need a user name and password_password'

2023-08-28 11:19:42 - [TEST_STEP][PASSED] - click(findTestObject("Object Repository/SignIn_Page/Page_JPetStore Demo/input_Need a user name and password_signon")): Object: 'Object Repository/SignIn_Page/Page_JPetStore Demo/input_Need a user name and password_signon' is clicked on

2023-08-28 11:19:43 - [MESSAGE][PASSED] - Object: 'Object Repository/SignIn_Page/Page_JPetStore Demo/input_Need a user name and password_signon' is clicked on

2023-08-28 11:19:43 - [TEST_STEP][PASSED] - verifyElementPresent(findTestObject("Object Repository/SignIn_Page/Page_JPetStore Demo/img"), 0): Object 'Object Repository/SignIn_Page/Page_JPetStore Demo/img' is present

2023-08-28 11:19:43 - [MESSAGE][WARNING] - Timeout '0' is invalid. Using default page load timeout: '30'

2023-08-28 11:19:44 - [MESSAGE][PASSED] - Object 'Object Repository/SignIn_Page/Page_JPetStore Demo/img' is present

2023-08-28 11:19:44 - [TEST_STEP][PASSED] - click(findTestObject("Object Repository/SignIn_Page/Page_JPetStore Demo/a_Sign Out")): Object: 'Object Repository/SignIn_Page/Page_JPetStore Demo/a_Sign Out' is clicked on

2023-08-28 11:19:45 - [MESSAGE][PASSED] - Object: 'Object Repository/SignIn_Page/Page_JPetStore Demo/a_Sign Out' is clicked on

2023-08-28 11:19:45 - [TEST_STEP][PASSED] - closeBrowser(): Browser is closed

2023-08-28 11:19:45 - [MESSAGE][PASSED] - Browser is closed]]></system-out>
         <system-err><![CDATA[]]></system-err>
      </testcase>
      <system-out><![CDATA[2023-08-28 11:18:29 - [TEST_SUITE][PASSED] - Birds: Test Cases/SignIn/Verify_Birds]]></system-out>
      <system-err><![CDATA[]]></system-err>
   </testsuite>
</testsuites>
