<?xml version="1.0" encoding="UTF-8"?>
<testsuites name="VT_Bird" time="9.455" tests="1" failures="0" errors="0">
   <testsuite name="VT_Bird" tests="1" failures="0" errors="0" time="9.455" skipped="0" timestamp="2023-08-29 10:58:40" hostname="SuhasB - suhasb.emids.local" id="Test Suites/VT/VT_Bird">
      <properties>
         <property name="deviceName" value=""/>
         <property name="devicePlatform" value=""/>
         <property name="logFolder" value="C:\\Users\\suhasb\\git\\onlinejpetstore\\Reports\\20230829_105819\\VT\\VT_Bird\\20230829_105820"/>
         <property name="logFiles" value="C:\\Users\\suhasb\\git\\onlinejpetstore\\Reports\\20230829_105819\\VT\\VT_Bird\\20230829_105820\\execution0.log"/>
         <property name="attachments" value="keyes\keyes-Bird.png"/>
         <property name="hostName" value="SuhasB - suhasb.emids.local"/>
         <property name="os" value="Windows 10 64bit"/>
         <property name="katalonVersion" value="8.6.6.208"/>
         <property name="browser" value="Chrome 116.0.0.0"/>
         <property name="hostAddress" value="192.168.0.232"/>
         <property name="sessionId" value="8908d6af00888952dac48fb1fbfbe611"/>
         <property name="seleniumVersion" value="3.141.59"/>
         <property name="proxyInformation" value="ProxyInformation { proxyOption=NO_PROXY, proxyServerType=HTTP, username=, password=********, proxyServerAddress=, proxyServerPort=0, executionList=&quot;&quot;, isApplyToDesiredCapabilities=true }"/>
         <property name="platform" value="Windows 10"/>
      </properties>
      <testcase name="Test Cases/VT_TestCases/VT_Bird" time="9.082" classname="Test Cases/VT_TestCases/VT_Bird" status="PASSED">
         <system-out><![CDATA[2023-08-29 10:58:41 - [TEST_CASE][PASSED] - Test Cases/VT_TestCases/VT_Bird: Test Cases/VT_TestCases/VT_Bird

2023-08-29 10:58:41 - [TEST_STEP][PASSED] - openBrowser(""): Browser is opened with url: ''

2023-08-29 10:58:41 - [MESSAGE][INFO] - Starting 'Chrome' driver

2023-08-29 10:58:41 - [MESSAGE][INFO] - Action delay is set to 0 milliseconds

2023-08-29 10:58:45 - [MESSAGE][PASSED] - Browser is opened with url: ''

2023-08-29 10:58:45 - [TEST_STEP][PASSED] - navigateToUrl("https://petstore.octoperf.com/"): Navigate to 'https://petstore.octoperf.com/' successfully

2023-08-29 10:58:46 - [MESSAGE][PASSED] - Navigate to 'https://petstore.octoperf.com/' successfully

2023-08-29 10:58:46 - [TEST_STEP][PASSED] - click(findTestObject("Object Repository/VT/Page_JPetStore Demo/a_Enter the Store (1)")): Object: 'Object Repository/VT/Page_JPetStore Demo/a_Enter the Store (1)' is clicked on

2023-08-29 10:58:47 - [MESSAGE][PASSED] - Object: 'Object Repository/VT/Page_JPetStore Demo/a_Enter the Store (1)' is clicked on

2023-08-29 10:58:47 - [TEST_STEP][PASSED] - click(findTestObject("Object Repository/VT/Page_JPetStore Demo/img (1)")): Object: 'Object Repository/VT/Page_JPetStore Demo/img (1)' is clicked on

2023-08-29 10:58:48 - [MESSAGE][PASSED] - Object: 'Object Repository/VT/Page_JPetStore Demo/img (1)' is clicked on

2023-08-29 10:58:48 - [TEST_STEP][PASSED] - takeScreenshotAsCheckpoint("Bird"): Taking screenshot successfully

2023-08-29 10:58:49 - [MESSAGE][INFO] - 0 hidden object(s)

2023-08-29 10:58:49 - [MESSAGE][PASSED] - Taking screenshot successfully
[[ATTACHMENT|keyes\keyes-Bird.png]]

2023-08-29 10:58:49 - [TEST_STEP][PASSED] - closeBrowser(): Browser is closed

2023-08-29 10:58:50 - [MESSAGE][PASSED] - Browser is closed]]></system-out>
         <system-err><![CDATA[]]></system-err>
      </testcase>
      <system-out><![CDATA[2023-08-29 10:58:40 - [TEST_SUITE][PASSED] - VT_Bird: Test Cases/VT_TestCases/VT_Bird]]></system-out>
      <system-err><![CDATA[]]></system-err>
   </testsuite>
</testsuites>
