<?xml version="1.0" encoding="UTF-8"?>
<testsuites name="Explore_Cats" time="73.816" tests="1" failures="0" errors="0">
   <testsuite name="Explore_Cats" tests="1" failures="0" errors="0" time="73.816" skipped="0" timestamp="2023-08-28 12:29:41" hostname="SuhasB - suhasb.emids.local" id="Test Suites/Exp_Page/Explore_Cats">
      <properties>
         <property name="deviceName" value=""/>
         <property name="devicePlatform" value=""/>
         <property name="logFolder" value="C:\\Users\\suhasb\\git\\onlinejpetstore\\Reports\\20230828_122931\\Exp_Page\\Explore_Cats\\20230828_122931"/>
         <property name="logFiles" value="C:\\Users\\suhasb\\git\\onlinejpetstore\\Reports\\20230828_122931\\Exp_Page\\Explore_Cats\\20230828_122931\\execution0.log"/>
         <property name="attachments" value=""/>
         <property name="hostName" value="SuhasB - suhasb.emids.local"/>
         <property name="os" value="Windows 10 64bit"/>
         <property name="katalonVersion" value="8.6.6.208"/>
         <property name="browser" value="Chrome 116.0.0.0"/>
         <property name="hostAddress" value="192.168.0.232"/>
         <property name="sessionId" value="4d8d8b52d4ad0f38edc00313bc2b7999"/>
         <property name="seleniumVersion" value="3.141.59"/>
         <property name="proxyInformation" value="ProxyInformation { proxyOption=NO_PROXY, proxyServerType=HTTP, username=, password=********, proxyServerAddress=, proxyServerPort=0, executionList=&quot;&quot;, isApplyToDesiredCapabilities=true }"/>
         <property name="platform" value="Windows 10"/>
      </properties>
      <testcase name="Test Cases/ExplorePage/Explore_Cat" time="73.508" classname="Test Cases/ExplorePage/Explore_Cat" status="PASSED">
         <system-out><![CDATA[2023-08-28 12:29:41 - [TEST_CASE][PASSED] - Test Cases/ExplorePage/Explore_Cat: Test Cases/ExplorePage/Explore_Cat

2023-08-28 12:29:42 - [TEST_STEP][PASSED] - openBrowser(""): Browser is opened with url: ''

2023-08-28 12:29:42 - [MESSAGE][INFO] - Starting 'Chrome' driver

2023-08-28 12:29:42 - [MESSAGE][INFO] - Action delay is set to 0 milliseconds

2023-08-28 12:29:45 - [MESSAGE][PASSED] - Browser is opened with url: ''

2023-08-28 12:29:45 - [TEST_STEP][PASSED] - navigateToUrl("https://petstore.octoperf.com/"): Navigate to 'https://petstore.octoperf.com/' successfully

2023-08-28 12:29:45 - [MESSAGE][PASSED] - Navigate to 'https://petstore.octoperf.com/' successfully

2023-08-28 12:29:45 - [TEST_STEP][PASSED] - click(findTestObject("Object Repository/Exp/Page_JPetStore Demo/a_Enter the Store (1)")): Object: 'Object Repository/Exp/Page_JPetStore Demo/a_Enter the Store (1)' is clicked on

2023-08-28 12:29:47 - [MESSAGE][PASSED] - Object: 'Object Repository/Exp/Page_JPetStore Demo/a_Enter the Store (1)' is clicked on

2023-08-28 12:29:47 - [TEST_STEP][PASSED] - click(findTestObject("Object Repository/Exp/Page_JPetStore Demo/a_Sign In (1)")): Object: 'Object Repository/Exp/Page_JPetStore Demo/a_Sign In (1)' is clicked on

2023-08-28 12:29:47 - [MESSAGE][PASSED] - Object: 'Object Repository/Exp/Page_JPetStore Demo/a_Sign In (1)' is clicked on

2023-08-28 12:29:47 - [TEST_STEP][PASSED] - setText(findTestObject("Object Repository/Exp/Page_JPetStore Demo/input_Need a user name and password_username (1)"), "suhas3"): Text 'suhas3' is set on object 'Object Repository/Exp/Page_JPetStore Demo/input_Need a user name and password_username (1)'

2023-08-28 12:30:18 - [MESSAGE][INFO] - Unable to find the element located by 'By.xpath: //input[@id='stripes-312948556']'. Please recheck the objects properties to make sure the desired element is located. 

2023-08-28 12:30:18 - [MESSAGE][WARNING] - [SELF-HEALING] Failed to find element with id 'Object Repository/Exp/Page_JPetStore Demo/input_Need a user name and password_username (1)'. Try using Self-healing.

2023-08-28 12:30:19 - [MESSAGE][INFO] - [SELF-HEALING] Failed Locator: '//input[@id='stripes-312948556']'.

2023-08-28 12:30:19 - [MESSAGE][INFO] - [SELF-HEALING] Working Locator: '//div[@id='Catalog']/form/p[2]/input'.

2023-08-28 12:30:19 - [MESSAGE][INFO] - [SELF-HEALING] Screenshot: C:/Users/suhasb/git/onlinejpetstore/Reports/Self-healing/Object Repository/Exp/Page_JPetStore Demo/input_Need a user name and password_username (1)_idRelative.png

2023-08-28 12:30:19 - [MESSAGE][WARNING] - [SELF-HEALING] The current locator of test object 'Object Repository/Exp/Page_JPetStore Demo/input_Need a user name and password_username (1)' was broken. Propose an alternative one: '//div[@id='Catalog']/form/p[2]/input'.

2023-08-28 12:30:51 - [MESSAGE][INFO] - Unable to find the element located by 'By.xpath: //input[@id='stripes-312948556']'. Please recheck the objects properties to make sure the desired element is located. 

2023-08-28 12:30:51 - [MESSAGE][WARNING] - [SELF-HEALING] Failed to find element with id 'Object Repository/Exp/Page_JPetStore Demo/input_Need a user name and password_username (1)'. Try using Self-healing.

2023-08-28 12:30:51 - [MESSAGE][WARNING] - [SELF-HEALING] The current locator of test object 'Object Repository/Exp/Page_JPetStore Demo/input_Need a user name and password_username (1)' was broken. Propose an alternative one: '//div[@id='Catalog']/form/p[2]/input'.

2023-08-28 12:30:51 - [MESSAGE][PASSED] - Text 'suhas3' is set on object 'Object Repository/Exp/Page_JPetStore Demo/input_Need a user name and password_username (1)'

2023-08-28 12:30:51 - [TEST_STEP][PASSED] - setEncryptedText(findTestObject("Object Repository/Exp/Page_JPetStore Demo/input_Need a user name and password_password (1)"), "qg5PJjO9hfg="): Text ****** has been set on object 'Object Repository/Exp/Page_JPetStore Demo/input_Need a user name and password_password (1)'

2023-08-28 12:30:52 - [MESSAGE][PASSED] - Text ****** has been set on object 'Object Repository/Exp/Page_JPetStore Demo/input_Need a user name and password_password (1)'

2023-08-28 12:30:52 - [TEST_STEP][PASSED] - click(findTestObject("Object Repository/Exp/Page_JPetStore Demo/input_Need a user name and password_signon (1)")): Object: 'Object Repository/Exp/Page_JPetStore Demo/input_Need a user name and password_signon (1)' is clicked on

2023-08-28 12:30:52 - [MESSAGE][PASSED] - Object: 'Object Repository/Exp/Page_JPetStore Demo/input_Need a user name and password_signon (1)' is clicked on

2023-08-28 12:30:52 - [TEST_STEP][PASSED] - click(findTestObject("Object Repository/Exp/Page_JPetStore Demo/img (1)")): Object: 'Object Repository/Exp/Page_JPetStore Demo/img (1)' is clicked on

2023-08-28 12:30:53 - [MESSAGE][PASSED] - Object: 'Object Repository/Exp/Page_JPetStore Demo/img (1)' is clicked on

2023-08-28 12:30:53 - [TEST_STEP][PASSED] - verifyElementPresent(findTestObject("Object Repository/Exp/Page_JPetStore Demo/th_Product ID (1)"), 0): Object 'Object Repository/Exp/Page_JPetStore Demo/th_Product ID (1)' is present

2023-08-28 12:30:53 - [MESSAGE][WARNING] - Timeout '0' is invalid. Using default page load timeout: '30'

2023-08-28 12:30:53 - [MESSAGE][PASSED] - Object 'Object Repository/Exp/Page_JPetStore Demo/th_Product ID (1)' is present

2023-08-28 12:30:53 - [TEST_STEP][PASSED] - click(findTestObject("Object Repository/Exp/Page_JPetStore Demo/a_Sign Out (1)")): Object: 'Object Repository/Exp/Page_JPetStore Demo/a_Sign Out (1)' is clicked on

2023-08-28 12:30:54 - [MESSAGE][PASSED] - Object: 'Object Repository/Exp/Page_JPetStore Demo/a_Sign Out (1)' is clicked on

2023-08-28 12:30:54 - [TEST_STEP][PASSED] - closeBrowser(): Browser is closed

2023-08-28 12:30:55 - [MESSAGE][PASSED] - Browser is closed]]></system-out>
         <system-err><![CDATA[]]></system-err>
      </testcase>
      <system-out><![CDATA[2023-08-28 12:29:41 - [TEST_SUITE][PASSED] - Explore_Cats: Test Cases/ExplorePage/Explore_Cat]]></system-out>
      <system-err><![CDATA[]]></system-err>
   </testsuite>
</testsuites>
